writeCommonTags: couldn't write 'track' tag to 'Periphery - Periphery (2010) [FLAC]/01 Periphery - Insomnia.m4a' as it's not a positive integer
writeCommonTags: couldn't write 'track' tag to 'Periphery - Periphery (2010) [FLAC]/02 Periphery - The Walk.m4a' as it's not a positive integer
writeCommonTags: couldn't write 'track' tag to 'Periphery - Periphery (2010) [FLAC]/03 Periphery - Letter Experiment.m4a' as it's not a positive integer
writeCommonTags: couldn't write 'track' tag to 'Periphery - Periphery (2010) [FLAC]/04 Periphery - Jetpacks Was Yes.m4a' as it's not a positive integer
writeCommonTags: couldn't write 'track' tag to 'Periphery - Periphery (2010) [FLAC]/05 Periphery - Light.m4a' as it's not a positive integer
writeCommonTags: couldn't write 'track' tag to 'Periphery - Periphery (2010) [FLAC]/06 Periphery - All New Materials.m4a' as it's not a positive integer
writeCommonTags: couldn't write 'track' tag to 'Periphery - Periphery (2010) [FLAC]/07 Periphery - Buttersnips.m4a' as it's not a positive integer
writeCommonTags: couldn't write 'track' tag to 'Periphery - Periphery (2010) [FLAC]/08 Periphery - Icarus Lives.m4a' as it's not a positive integer
writeCommonTags: couldn't write 'track' tag to 'Periphery - Periphery (2010) [FLAC]/09 Periphery - Totla Mad.m4a' as it's not a positive integer
writeCommonTags: couldn't write 'track' tag to 'Periphery - Periphery (2010) [FLAC]/10 Periphery - Ow My Feelings.m4a' as it's not a positive integer
writeCommonTags: couldn't write 'track' tag to 'Periphery - Periphery (2010) [FLAC]/11 Periphery - Zyglrox.m4a' as it's not a positive integer
writeCommonTags: couldn't write 'track' tag to 'Periphery - Periphery (2010) [FLAC]/12 Periphery - Racecar.m4a' as it's not a positive integer
writeCommonTags: couldn't write 'track' tag to 'Periphery II/01 Muramasa.aif' as it's not a positive integer
writeCommonTags: couldn't write 'track' tag to 'Periphery II/02 Have a Blast.aif' as it's not a positive integer
writeCommonTags: couldn't write 'track' tag to 'Periphery II/03 Facepalm Mute.aif' as it's not a positive integer
writeCommonTags: couldn't write 'track' tag to 'Periphery II/04 Ji.aif' as it's not a positive integer
writeCommonTags: couldn't write 'track' tag to 'Periphery II/05 Scarlet.aif' as it's not a positive integer
writeCommonTags: couldn't write 'track' tag to 'Periphery II/06 Luck as a Constant.aif' as it's not a positive integer
writeCommonTags: couldn't write 'track' tag to 'Periphery II/07 Ragnarok.aif' as it's not a positive integer
writeCommonTags: couldn't write 'track' tag to 'Periphery II/08 The Gods Must Be Crazy!.aif' as it's not a positive integer
writeCommonTags: couldn't write 'track' tag to 'Periphery II/09 MAKE TOTAL DESTROY.aif' as it's not a positive integer
writeCommonTags: couldn't write 'track' tag to 'Periphery II/10 Erised.aif' as it's not a positive integer
writeCommonTags: couldn't write 'track' tag to 'Periphery II/11 Epoch.aif' as it's not a positive integer
writeCommonTags: couldn't write 'track' tag to 'Periphery II/12 Froggin' Bullfish.aif' as it's not a positive integer
writeCommonTags: couldn't write 'track' tag to 'Periphery II/13 Mile Zero.aif' as it's not a positive integer
writeCommonTags: couldn't write 'track' tag to 'Periphery II/14 Masamune.aif' as it's not a positive integer
writeCommonTags: couldn't write 'year' tag to 'Around The Fur [Lossless]/11 Track 11.m4a' as it's not a positive integer
writeCommonTags: couldn't write 'track' tag to 'Around The Fur [Lossless]/11 Track 11.m4a' as it's not a positive integer
